[    0.000000] Linux version 4.15.0-142-generic (buildd@lgw01-amd64-036) (gcc version 7.5.0 (Ubuntu 7.5.0-3ubuntu1~18.04)) #146-Ubuntu SMP Tue Apr 13 01:11:19 UTC 2021 (Ubuntu 4.15.0-142.146-generic 4.15.18)
[    0.000000] Command line: BOOT_IMAGE=/boot/vmlinuz-4.15.0-142-generic root=LABEL=cloudimg-rootfs ro console=tty1 console=ttyS0
[    0.000000] KERNEL supported cpus:
[    0.000000]   Intel GenuineIntel
[    0.000000]   AMD AuthenticAMD
[    0.000000]   Centaur CentaurHauls
[    0.000000] x86/fpu: x87 FPU will use FXSAVE
[    0.000000] e820: BIOS-provided physical RAM map:
[    0.000000] BIOS-e820: [mem 0x0000000000000000-0x000000000009fbff] usable
[    0.000000] BIOS-e820: [mem 0x000000000009fc00-0x000000000009ffff] reserved
[    0.000000] BIOS-e820: [mem 0x00000000000f0000-0x00000000000fffff] reserved
[    0.000000] BIOS-e820: [mem 0x0000000000100000-0x000000003ffeffff] usable
[    0.000000] BIOS-e820: [mem 0x000000003fff0000-0x000000003fffffff] ACPI data
[    0.000000] BIOS-e820: [mem 0x00000000fec00000-0x00000000fec00fff] reserved
[    0.000000] BIOS-e820: [mem 0x00000000fee00000-0x00000000fee00fff] reserved
[    0.000000] BIOS-e820: [mem 0x00000000fffc0000-0x00000000ffffffff] reserved
[    0.000000] NX (Execute Disable) protection: active
[    0.000000] SMBIOS 2.5 present.
[    0.000000] DMI: innotek GmbH VirtualBox/VirtualBox, BIOS VirtualBox 12/01/2006
[    0.000000] Hypervisor detected: KVM
[    0.000000] e820: last_pfn = 0x3fff0 max_arch_pfn = 0x400000000
[    0.000000] MTRR: Disabled
[    0.000000] x86/PAT: MTRRs disabled, skipping PAT initialization too.
[    0.000000] CPU MTRRs all blank - virtualized system.
[    0.000000] x86/PAT: Configuration [0-7]: WB  WT  UC- UC  WB  WT  UC- UC  
[    0.000000] found SMP MP-table at [mem 0x0009fff0-0x0009ffff]
[    0.000000] Scanning 1 areas for low memory corruption
[    0.000000] RAMDISK: [mem 0x359cf000-0x36cdefff]
[    0.000000] ACPI: Early table checksum verification disabled
[    0.000000] ACPI: RSDP 0x00000000000E0000 000024 (v02 VBOX  )
[    0.000000] ACPI: XSDT 0x000000003FFF0030 00003C (v01 VBOX   VBOXXSDT 00000001 ASL  00000061)
[    0.000000] ACPI: FACP 0x000000003FFF00F0 0000F4 (v04 VBOX   VBOXFACP 00000001 ASL  00000061)
[    0.000000] ACPI: DSDT 0x000000003FFF0470 002325 (v02 VBOX   VBOXBIOS 00000002 INTL 20100528)
[    0.000000] ACPI: FACS 0x000000003FFF0200 000040
[    0.000000] ACPI: FACS 0x000000003FFF0200 000040
[    0.000000] ACPI: APIC 0x000000003FFF0240 00005C (v02 VBOX   VBOXAPIC 00000001 ASL  00000061)
[    0.000000] ACPI: SSDT 0x000000003FFF02A0 0001CC (v01 VBOX   VBOXCPUT 00000002 INTL 20100528)
[    0.000000] No NUMA configuration found
[    0.000000] Faking a node at [mem 0x0000000000000000-0x000000003ffeffff]
[    0.000000] NODE_DATA(0) allocated [mem 0x3ffc5000-0x3ffeffff]
[    0.000000] kvm-clock: cpu 0, msr 0:3ff44001, primary cpu clock
[    0.000000] kvm-clock: Using msrs 4b564d01 and 4b564d00
[    0.000000] kvm-clock: using sched offset of 5699583005 cycles
[    0.000000] clocksource: kvm-clock: mask: 0xffffffffffffffff max_cycles: 0x1cd42e4dffb, max_idle_ns: 881590591483 ns
[    0.000000] Zone ranges:
[    0.000000]   DMA      [mem 0x0000000000001000-0x0000000000ffffff]
[    0.000000]   DMA32    [mem 0x0000000001000000-0x000000003ffeffff]
[    0.000000]   Normal   empty
[    0.000000]   Device   empty
[    0.000000] Movable zone start for each node
[    0.000000] Early memory node ranges
[    0.000000]   node   0: [mem 0x0000000000001000-0x000000000009efff]
[    0.000000]   node   0: [mem 0x0000000000100000-0x000000003ffeffff]
[    0.000000] Reserved but unavailable: 98 pages
[    0.000000] Initmem setup node 0 [mem 0x0000000000001000-0x000000003ffeffff]
[    0.000000] ACPI: PM-Timer IO Port: 0x4008
[    0.000000] IOAPIC[0]: apic_id 2, version 32, address 0xfec00000, GSI 0-23
[    0.000000] ACPI: INT_SRC_OVR (bus 0 bus_irq 0 global_irq 2 dfl dfl)
[    0.000000] ACPI: INT_SRC_OVR (bus 0 bus_irq 9 global_irq 9 low level)
[    0.000000] Using ACPI (MADT) for SMP configuration information
[    0.000000] smpboot: Allowing 2 CPUs, 0 hotplug CPUs
[    0.000000] PM: Registered nosave memory: [mem 0x00000000-0x00000fff]
[    0.000000] PM: Registered nosave memory: [mem 0x0009f000-0x0009ffff]
[    0.000000] PM: Registered nosave memory: [mem 0x000a0000-0x000effff]
[    0.000000] PM: Registered nosave memory: [mem 0x000f0000-0x000fffff]
[    0.000000] e820: [mem 0x40000000-0xfebfffff] available for PCI devices
[    0.000000] Booting paravirtualized kernel on KVM
[    0.000000] clocksource: refined-jiffies: mask: 0xffffffff max_cycles: 0xffffffff, max_idle_ns: 7645519600211568 ns
[    0.000000] random: get_random_bytes called from start_kernel+0x99/0x500 with crng_init=0
[    0.000000] setup_percpu: NR_CPUS:8192 nr_cpumask_bits:2 nr_cpu_ids:2 nr_node_ids:1
[    0.000000] percpu: Embedded 45 pages/cpu s147456 r8192 d28672 u1048576
[    0.000000] PV qspinlock hash table entries: 256 (order: 0, 4096 bytes)
[    0.000000] Built 1 zonelists, mobility grouping on.  Total pages: 257913
[    0.000000] Policy zone: DMA32
[    0.000000] Kernel command line: BOOT_IMAGE=/boot/vmlinuz-4.15.0-142-generic root=LABEL=cloudimg-rootfs ro console=tty1 console=ttyS0
[    0.000000] Memory: 982720K/1048120K available (12300K kernel code, 2483K rwdata, 4316K rodata, 2444K init, 2724K bss, 65400K reserved, 0K cma-reserved)
[    0.000000] SLUB: HWalign=64, Order=0-3, MinObjects=0, CPUs=2, Nodes=1
[    0.000000] Kernel/User page tables isolation: enabled
[    0.000000] ftrace: allocating 39434 entries in 155 pages
[    0.004000] Hierarchical RCU implementation.
[    0.004000] 	RCU restricting CPUs from NR_CPUS=8192 to nr_cpu_ids=2.
[    0.004000] 	Tasks RCU enabled.
[    0.004000] RCU: Adjusting geometry for rcu_fanout_leaf=16, nr_cpu_ids=2
[    0.004000] NR_IRQS: 524544, nr_irqs: 440, preallocated irqs: 16
[    0.004000] Console: colour VGA+ 80x25
[    0.004000] console [tty1] enabled
[    0.004000] console [ttyS0] enabled
[    0.004000] ACPI: Core revision 20170831
[    0.004000] ACPI: 2 ACPI AML tables successfully acquired and loaded
[    0.004000] APIC: Switch to symmetric I/O mode setup
[    0.004000] ..TIMER: vector=0x30 apic1=0 pin1=2 apic2=-1 pin2=-1
[    0.004000] tsc: Detected 2394.456 MHz processor
[    0.008011] Calibrating delay loop (skipped) preset value.. 4788.91 BogoMIPS (lpj=9577824)
[    0.012009] pid_max: default: 32768 minimum: 301
[    0.016137] Security Framework initialized
[    0.020007] Yama: becoming mindful.
[    0.024133] AppArmor: AppArmor initialized
[    0.041888] Dentry cache hash table entries: 131072 (order: 8, 1048576 bytes)
[    0.049936] Inode-cache hash table entries: 65536 (order: 7, 524288 bytes)
[    0.052125] Mount-cache hash table entries: 2048 (order: 2, 16384 bytes)
[    0.056110] Mountpoint-cache hash table entries: 2048 (order: 2, 16384 bytes)
[    0.061637] Last level iTLB entries: 4KB 64, 2MB 8, 4MB 8
[    0.064005] Last level dTLB entries: 4KB 64, 2MB 0, 4MB 0, 1GB 4
[    0.068005] Spectre V1 : Mitigation: usercopy/swapgs barriers and __user pointer sanitization
[    0.072005] Spectre V2 : Mitigation: Full generic retpoline
[    0.076004] Spectre V2 : Spectre v2 / SpectreRSB mitigation: Filling RSB on context switch
[    0.080005] Speculative Store Bypass: Vulnerable
[    0.084050] MDS: Mitigation: Clear CPU buffers
[    0.088217] Freeing SMP alternatives memory: 36K
[    0.226056] APIC calibration not consistent with PM-Timer: 110ms instead of 100ms
[    0.228000] APIC delta adjusted to PM-Timer: 6421185 (7103623)
[    0.228575] smpboot: CPU0: Intel(R) Core(TM) i7-5500U CPU @ 2.40GHz (family: 0x6, model: 0x3d, stepping: 0x4)
[    0.232000] Performance Events: unsupported p6 CPU model 61 no PMU driver, software events only.
[    0.232000] Hierarchical SRCU implementation.
[    0.232000] NMI watchdog: Perf event create on CPU 0 failed with -2
[    0.232000] NMI watchdog: Perf NMI watchdog permanently disabled
[    0.232000] smp: Bringing up secondary CPUs ...
[    0.232000] x86: Booting SMP configuration:
[    0.232005] .... node  #0, CPUs:      #1
[    0.004000] kvm-clock: cpu 1, msr 0:3ff44041, secondary cpu clock
[    0.251763] TSC synchronization [CPU#0 -> CPU#1]:
[    0.252000] Measured 97094 cycles TSC warp between CPUs, turning off TSC clock.
[    0.252000] tsc: Marking TSC unstable due to check_tsc_sync_source failed
[    0.256333] smp: Brought up 1 node, 2 CPUs
[    0.260007] smpboot: Max logical packages: 1
[    0.264011] smpboot: Total of 2 processors activated (9577.82 BogoMIPS)
[    0.272292] devtmpfs: initialized
[    0.280953] x86/mm: Memory block size: 128MB
[    0.292418] evm: security.selinux
[    0.296004] evm: security.SMACK64
[    0.304005] evm: security.SMACK64EXEC
[    0.316006] evm: security.SMACK64TRANSMUTE
[    0.324009] evm: security.SMACK64MMAP
[    0.332010] evm: security.apparmor
[    0.344013] evm: security.ima
[    0.348013] evm: security.capability
[    0.364857] clocksource: jiffies: mask: 0xffffffff max_cycles: 0xffffffff, max_idle_ns: 7645041785100000 ns
[    0.384024] futex hash table entries: 512 (order: 3, 32768 bytes)
[    0.396461] pinctrl core: initialized pinctrl subsystem
[    0.416005] RTC time: 17:25:06, date: 04/17/21
[    0.428143] NET: Registered protocol family 16
[    0.436212] audit: initializing netlink subsys (disabled)
[    0.448282] audit: type=2000 audit(1618680313.959:1): state=initialized audit_enabled=0 res=1
[    0.452157] cpuidle: using governor ladder
[    0.456012] cpuidle: using governor menu
[    0.464057] ACPI: bus type PCI registered
[    0.472005] acpiphp: ACPI Hot Plug PCI Controller Driver version: 0.5
[    0.484334] PCI: Using configuration type 1 for base access
[    0.493072] HugeTLB registered 2.00 MiB page size, pre-allocated 0 pages
[    0.508329] ACPI: Added _OSI(Module Device)
[    0.512010] ACPI: Added _OSI(Processor Device)
[    0.516015] ACPI: Added _OSI(3.0 _SCP Extensions)
[    0.524005] ACPI: Added _OSI(Processor Aggregator Device)
[    0.528007] ACPI: Added _OSI(Linux-Dell-Video)
[    0.536008] ACPI: Added _OSI(Linux-Lenovo-NV-HDMI-Audio)
[    0.540007] ACPI: Added _OSI(Linux-HPI-Hybrid-Graphics)
[    0.548981] ACPI: Executed 1 blocks of module-level executable AML code
[    0.564229] ACPI: Interpreter enabled
[    0.568022] ACPI: (supports S0 S5)
[    0.572005] ACPI: Using IOAPIC for interrupt routing
[    0.576461] PCI: Using host bridge windows from ACPI; if necessary, use "pci=nocrs" and report a bug
[    0.588290] ACPI: Enabled 2 GPEs in block 00 to 07
[    0.606668] ACPI: PCI Root Bridge [PCI0] (domain 0000 [bus 00-ff])
[    0.612020] acpi PNP0A03:00: _OSC: OS supports [ASPM ClockPM Segments MSI]
[    0.625095] acpi PNP0A03:00: _OSC: not requesting OS control; OS requires [ExtendedConfig ASPM ClockPM MSI]
[    0.636167] acpi PNP0A03:00: fail to add MMCONFIG information, can't access extended PCI configuration space under this bridge.
[    0.648918] PCI host bridge to bus 0000:00
[    0.652007] pci_bus 0000:00: root bus resource [io  0x0000-0x0cf7 window]
[    0.660008] pci_bus 0000:00: root bus resource [io  0x0d00-0xffff window]
[    0.668007] pci_bus 0000:00: root bus resource [mem 0x000a0000-0x000bffff window]
[    0.676007] pci_bus 0000:00: root bus resource [mem 0x40000000-0xfdffffff window]
[    0.684008] pci_bus 0000:00: root bus resource [bus 00-ff]
[    0.700230] pci 0000:00:01.1: legacy IDE quirk: reg 0x10: [io  0x01f0-0x01f7]
[    0.704008] pci 0000:00:01.1: legacy IDE quirk: reg 0x14: [io  0x03f6]
[    0.716008] pci 0000:00:01.1: legacy IDE quirk: reg 0x18: [io  0x0170-0x0177]
[    0.724007] pci 0000:00:01.1: legacy IDE quirk: reg 0x1c: [io  0x0376]
[    0.784788] pci 0000:00:07.0: quirk: [io  0x4000-0x403f] claimed by PIIX4 ACPI
[    0.804041] pci 0000:00:07.0: quirk: [io  0x4100-0x410f] claimed by PIIX4 SMB
[    0.833965] ACPI: PCI Interrupt Link [LNKA] (IRQs 5 9 10 *11)
[    0.852139] ACPI: PCI Interrupt Link [LNKB] (IRQs 5 9 *10 11)
[    0.864284] ACPI: PCI Interrupt Link [LNKC] (IRQs 5 *9 10 11)
[    0.880246] ACPI: PCI Interrupt Link [LNKD] (IRQs 5 9 10 *11)
[    0.900181] SCSI subsystem initialized
[    0.908393] pci 0000:00:02.0: vgaarb: setting as boot VGA device
[    0.912000] pci 0000:00:02.0: vgaarb: VGA device added: decodes=io+mem,owns=io+mem,locks=none
[    0.948013] pci 0000:00:02.0: vgaarb: bridge control possible
[    0.960006] vgaarb: loaded
[    0.968130] ACPI: bus type USB registered
[    0.976029] usbcore: registered new interface driver usbfs
[    0.988022] usbcore: registered new interface driver hub
[    1.004068] usbcore: registered new device driver usb
[    1.016439] EDAC MC: Ver: 3.0.0
[    1.028222] PCI: Using ACPI for IRQ routing
[    1.033078] NetLabel: Initializing
[    1.036005] NetLabel:  domain hash size = 128
[    1.040003] NetLabel:  protocols = UNLABELED CIPSOv4 CALIPSO
[    1.044084] NetLabel:  unlabeled traffic allowed by default
[    1.048331] clocksource: Switched to clocksource kvm-clock
[    1.059307] VFS: Disk quotas dquot_6.6.0
[    1.059307] VFS: Dquot-cache hash table entries: 512 (order 0, 4096 bytes)
[    1.146863] AppArmor: AppArmor Filesystem Enabled
[    1.149885] pnp: PnP ACPI init
[    1.149885] pnp: PnP ACPI: found 3 devices
[    1.177739] clocksource: acpi_pm: mask: 0xffffff max_cycles: 0xffffff, max_idle_ns: 2085701024 ns
[    1.180243] NET: Registered protocol family 2
[    1.194201] TCP established hash table entries: 8192 (order: 4, 65536 bytes)
[    1.211649] TCP bind hash table entries: 8192 (order: 5, 131072 bytes)
[    1.223591] TCP: Hash tables configured (established 8192 bind 8192)
[    1.233911] UDP hash table entries: 512 (order: 2, 16384 bytes)
[    1.242242] UDP-Lite hash table entries: 512 (order: 2, 16384 bytes)
[    1.246043] NET: Registered protocol family 1
[    1.246043] pci 0000:00:00.0: Limiting direct PCI/PCI transfers
[    1.246043] pci 0000:00:01.0: Activating ISA DMA hang workarounds
[    1.246043] pci 0000:00:02.0: Video device with shadowed ROM at [mem 0x000c0000-0x000dffff]
[    1.246043] Unpacking initramfs...
[    1.246043] Freeing initrd memory: 19520K
[    1.246043] clocksource: tsc: mask: 0xffffffffffffffff max_cycles: 0x2283c236f90, max_idle_ns: 440795217409 ns
[    1.246043] platform rtc_cmos: registered platform RTC device (no PNP device found)
[    1.246043] Scanning for low memory corruption every 60 seconds
[    2.075272] Initialise system trusted keyrings
[    2.081108] Key type blacklist registered
[    2.090745] workingset: timestamp_bits=36 max_order=18 bucket_order=0
[    2.104747] zbud: loaded
[    2.114413] squashfs: version 4.0 (2009/01/31) Phillip Lougher
[    2.124598] fuse init (API version 7.26)
[    2.154447] Key type asymmetric registered
[    2.159222] Asymmetric key parser 'x509' registered
[    2.164522] Block layer SCSI generic (bsg) driver version 0.4 loaded (major 246)
[    2.172500] io scheduler noop registered
[    2.176268] io scheduler deadline registered
[    2.181759] io scheduler cfq registered (default)
[    2.187487] ACPI: AC Adapter [AC] (on-line)
[    2.192640] input: Power Button as /devices/LNXSYSTM:00/LNXPWRBN:00/input/input0
[    2.200262] ACPI: Power Button [PWRF]
[    2.204313] input: Sleep Button as /devices/LNXSYSTM:00/LNXSLPBN:00/input/input1
[    2.212161] ACPI: Sleep Button [SLPF]
[    2.216514] Serial: 8250/16550 driver, 32 ports, IRQ sharing enabled
[    2.217905] ACPI: Battery Slot [BAT0] (battery present)
[    2.257384] 00:02: ttyS0 at I/O 0x3f8 (irq = 4, base_baud = 115200) is a 16550A
[    2.260668] Linux agpgart interface v0.103
[    2.275701] loop: module loaded
[    2.282317] scsi host0: ata_piix
[    2.288481] scsi host1: ata_piix
[    2.292771] ata1: PATA max UDMA/33 cmd 0x1f0 ctl 0x3f6 bmdma 0xd000 irq 14
[    2.301565] ata2: PATA max UDMA/33 cmd 0x170 ctl 0x376 bmdma 0xd008 irq 15
[    2.312154] libphy: Fixed MDIO Bus: probed
[    2.313458] tun: Universal TUN/TAP device driver, 1.6
[    2.313458] PPP generic driver version 2.4.2
[    2.313458] ehci_hcd: USB 2.0 'Enhanced' Host Controller (EHCI) Driver
[    2.313458] ehci-pci: EHCI PCI platform driver
[    2.313458] ehci-platform: EHCI generic platform driver
[    2.313458] ohci_hcd: USB 1.1 'Open' Host Controller (OHCI) Driver
[    2.313458] ohci-pci: OHCI PCI platform driver
[    2.313458] ohci-platform: OHCI generic platform driver
[    2.313458] uhci_hcd: USB Universal Host Controller Interface driver
[    2.313458] i8042: PNP: PS/2 Controller [PNP0303:PS2K,PNP0f03:PS2M] at 0x60,0x64 irq 1,12
[    2.313458] serio: i8042 KBD port at 0x60,0x64 irq 1
[    2.313458] serio: i8042 AUX port at 0x60,0x64 irq 12
[    2.313458] mousedev: PS/2 mouse device common for all mice
[    2.415740] rtc_cmos rtc_cmos: rtc core: registered rtc_cmos as rtc0
[    2.427074] input: AT Translated Set 2 keyboard as /devices/platform/i8042/serio0/input/input2
[    2.429472] rtc_cmos rtc_cmos: alarms up to one day, 114 bytes nvram
[    2.446395] i2c /dev entries driver
[    2.450925] device-mapper: uevent: version 1.0.3
[    2.459527] device-mapper: ioctl: 4.37.0-ioctl (2017-09-20) initialised: dm-devel@redhat.com
[    2.540388] ledtrig-cpu: registered to indicate activity on CPUs
[    2.548754] NET: Registered protocol family 10
[    2.565315] Segment Routing with IPv6
[    2.569605] NET: Registered protocol family 17
[    2.574819] Key type dns_resolver registered
[    2.581107] mce: Using 0 MCE banks
[    2.585395] RAS: Correctable Errors collector initialized.
[    2.592159] sched_clock: Marking stable (2592088237, 0)->(3724875085, -1132786848)
[    2.604721] registered taskstats version 1
[    2.609543] Loading compiled-in X.509 certificates
[    2.619252] Loaded X.509 cert 'Build time autogenerated kernel key: 028139f94c642d40642d50ab098c4e7b0aebaa81'
[    2.631301] Loaded X.509 cert 'Canonical Ltd. Live Patch Signing: 14df34d1a87cf37625abec039ef2bf521249b969'
[    2.642983] Loaded X.509 cert 'Canonical Ltd. Kernel Module Signing: 88f752e560a1e0737e31163a466ad7b70a850c19'
[    2.654230] zswap: loaded using pool lzo/zbud
[    2.670862] Key type big_key registered
[    2.674943] Key type trusted registered
[    2.684377] Key type encrypted registered
[    2.688631] AppArmor: AppArmor sha1 policy hashing enabled
[    2.695471] ima: No TPM chip found, activating TPM-bypass! (rc=-19)
[    2.702951] ima: Allocated hash algorithm: sha1
[    2.707813] evm: HMAC attrs: 0x1
[    2.712634]   Magic number: 1:443:441
[    2.717645] rtc_cmos rtc_cmos: setting system clock to 2021-04-17 17:25:09 UTC (1618680309)
[    2.726983] BIOS EDD facility v0.16 2004-Jun-25, 0 devices found
[    2.734384] EDD information not available.
[    2.743485] Freeing unused kernel image memory: 2444K
[    2.771379] Write protecting the kernel read-only data: 20480k
[    2.779322] Freeing unused kernel image memory: 2008K
[    2.785880] Freeing unused kernel image memory: 1828K
[    2.798969] x86/mm: Checked W+X mappings: passed, no W+X pages found.
[    2.805384] x86/mm: Checking user space page tables
[    2.817010] x86/mm: Checked W+X mappings: passed, no W+X pages found.
Loading, please wait...
starting version 237
[    2.951778] e1000: Intel(R) PRO/1000 Network Driver - version 7.3.21-k8-NAPI
[    2.961907] e1000: Copyright (c) 1999-2006 Intel Corporation.
[    2.978954] Fusion MPT base driver 3.04.20
[    2.985116] Copyright (c) 1999-2008 LSI Corporation
[    3.030101] Fusion MPT SPI Host driver 3.04.20
[    3.263157] input: ImExPS/2 Generic Explorer Mouse as /devices/platform/i8042/serio1/input/input4
[    4.063890] e1000 0000:00:03.0 eth0: (PCI:33MHz:32-bit) 02:f3:7b:02:da:50
[    4.071369] e1000 0000:00:03.0 eth0: Intel(R) PRO/1000 Network Connection
[    4.083225] e1000 0000:00:03.0 enp0s3: renamed from eth0
[    4.084078] mptbase: ioc0: Initiating bringup
[    4.277728] ioc0: LSI53C1030 A0: Capabilities={Initiator}
[    5.985374] scsi host2: ioc0: LSI53C1030 A0, FwRev=00000000h, Ports=1, MaxQ=256, IRQ=20
[    7.037851] scsi 2:0:0:0: Direct-Access     VBOX     HARDDISK         1.0  PQ: 0 ANSI: 5
[    7.072216] scsi target2:0:0: Beginning Domain Validation
[    7.088908] scsi target2:0:0: Domain Validation skipping write tests
[    7.096051] scsi target2:0:0: Ending Domain Validation
[    7.101584] random: fast init done
[    7.105952] scsi target2:0:0: asynchronous
[    7.113947] scsi 2:0:1:0: Direct-Access     VBOX     HARDDISK         1.0  PQ: 0 ANSI: 5
[    7.221854] scsi target2:0:1: Beginning Domain Validation
[    7.239725] scsi target2:0:1: Domain Validation skipping write tests
[    7.246578] scsi target2:0:1: Ending Domain Validation
[    7.252618] scsi target2:0:1: asynchronous
[    7.271180] random: systemd-udevd: uninitialized urandom read (16 bytes read)
[    7.278550] random: systemd-udevd: uninitialized urandom read (16 bytes read)
[    7.285622] random: systemd-udevd: uninitialized urandom read (16 bytes read)
[    7.292936] sd 2:0:0:0: Attached scsi generic sg0 type 0
[    7.301254] sd 2:0:1:0: Attached scsi generic sg1 type 0
[    7.310970] sd 2:0:0:0: [sda] 83886080 512-byte logical blocks: (42.9 GB/40.0 GiB)
[    7.321603] sd 2:0:1:0: [sdb] 20480 512-byte logical blocks: (10.5 MB/10.0 MiB)
[    7.324689] sd 2:0:0:0: [sda] Write Protect is off
[    7.338171] sd 2:0:1:0: [sdb] Write Protect is off
[    7.338796] sd 2:0:0:0: [sda] Incomplete mode parameter data
[    7.350970] sd 2:0:0:0: [sda] Assuming drive cache: write through
[    7.360096] sd 2:0:1:0: [sdb] Incomplete mode parameter data
[    7.366158]  sda: sda1
[    7.368346] sd 2:0:1:0: [sdb] Assuming drive cache: write through
[    7.375776] sd 2:0:0:0: [sda] Attached SCSI disk
[    7.401058] sd 2:0:1:0: [sdb] Attached SCSI disk
Begin: Loading essential drivers ... [    9.980105] raid6: sse2x1   gen()  8727 MB/s
[   10.032657] raid6: sse2x1   xor()  6070 MB/s
[   10.084442] raid6: sse2x2   gen() 10736 MB/s
[   10.136255] raid6: sse2x2   xor()  6187 MB/s
[   10.188285] raid6: sse2x4   gen()  9663 MB/s
[   10.240753] raid6: sse2x4   xor()  6441 MB/s
[   10.245838] raid6: using algorithm sse2x2 gen() 10736 MB/s
[   10.252491] raid6: .... xor() 6187 MB/s, rmw enabled
[   10.257728] raid6: using ssse3x2 recovery algorithm
[   10.265388] xor: measuring software checksum speed
[ 3109.506126] INFO: rcu_sched self-detected stall on CPU
[ 3109.512700] 	0-...!: (1 ticks this GP) idle=4e2/1/0 softirq=705/705 fqs=0 
[ 3109.520095] 	 (t=225052 jiffies g=-130 c=-131 q=64)
[ 3109.526092] rcu_sched kthread starved for 225052 jiffies! g18446744073709551486 c18446744073709551485 f0x0 RCU_GP_WAIT_FQS(3) ->state=0x402 ->cpu=0
[ 3109.546295] rcu_sched       I    0     8      2 0x80000000
[ 3109.552985] Call Trace:
[ 3109.556063]  __schedule+0x24e/0x890
[ 3109.561916]  schedule+0x2c/0x80
[ 3109.567094]  schedule_timeout+0x15d/0x370
[ 3109.571876]  ? __next_timer_interrupt+0xe0/0xe0
[ 3109.577561]  rcu_gp_kthread+0x53a/0x980
[ 3109.586094]  kthread+0x121/0x140
[ 3109.591276]  ? rcu_note_context_switch+0x150/0x150
[ 3109.598879]  ? kthread_create_worker_on_cpu+0x70/0x70
[ 3109.607106]  ret_from_fork+0x35/0x40
[ 3109.611479] NMI backtrace for cpu 0
[ 3109.617612] CPU: 0 PID: 0 Comm: swapper/0 Not tainted 4.15.0-142-generic #146-Ubuntu
[ 3109.628871] Hardware name: innotek GmbH VirtualBox/VirtualBox, BIOS VirtualBox 12/01/2006
[ 3109.637614] Call Trace:
[ 3109.641199]  <IRQ>
[ 3109.643655]  dump_stack+0x6d/0x8b
[ 3109.648203]  nmi_cpu_backtrace+0x94/0xa0
[ 3109.652726]  ? lapic_can_unplug_cpu+0xb0/0xb0
[ 3109.658186]  nmi_trigger_cpumask_backtrace+0xe7/0x130
[ 3109.664695]  arch_trigger_cpumask_backtrace+0x19/0x20
[ 3109.670215]  rcu_dump_cpu_stacks+0xa3/0xd5
[ 3109.674622]  rcu_check_callbacks+0x6cd/0x8e0
[ 3109.679248]  ? tick_sched_do_timer+0x50/0x50
[ 3109.685571]  update_process_times+0x2f/0x60
[ 3109.690994]  tick_sched_handle+0x26/0x70
[ 3109.695769]  ? tick_sched_do_timer+0x42/0x50
[ 3109.702216]  tick_sched_timer+0x39/0x80
[ 3109.707098]  __hrtimer_run_queues+0xdf/0x230
[ 3109.713316]  hrtimer_interrupt+0xa0/0x1d0
[ 3109.718565]  smp_apic_timer_interrupt+0x6f/0x140
[ 3109.725175]  apic_timer_interrupt+0x90/0xa0
[ 3109.730703]  </IRQ>
[ 3109.733219] RIP: 0010:native_safe_halt+0x12/0x20
[ 3109.739040] RSP: 0018:ffffffff89e03e28 EFLAGS: 00010246 ORIG_RAX: ffffffffffffff11
[ 3109.748646] RAX: ffffffff893c7560 RBX: 0000000000000000 RCX: 0000000000000000
[ 3109.756960] RDX: 0000000000000000 RSI: 0000000000000000 RDI: 0000000000000000
[ 3109.766059] RBP: ffffffff89e03e28 R08: 0000000000000002 R09: 0000000000000002
[ 3109.774761] R10: 0000000000000000 R11: 0000000000000000 R12: 0000000000000000
[ 3109.783160] R13: 0000000000000000 R14: 0000000000000000 R15: 0000000000000000
[ 3109.790651]  ? __sched_text_end+0x1/0x1
[ 3109.795157]  default_idle+0x20/0x100
[ 3109.799298]  arch_cpu_idle+0x15/0x20
[ 3109.804333]  default_idle_call+0x23/0x30
[ 3109.808870]  do_idle+0x172/0x1f0
[ 3109.813435]  cpu_startup_entry+0x73/0x80
[ 3109.818177]  rest_init+0xae/0xb0
[ 3109.823152]  start_kernel+0x4dc/0x500
[ 3109.827608]  x86_64_start_reservations+0x24/0x26
[ 3109.833906]  x86_64_start_kernel+0x74/0x77
[ 3109.838385]  secondary_startup_64+0xa5/0xb0
[ 3109.844518] Sending NMI from CPU 0 to CPUs 1:
[ 3109.850651] INFO: rcu_sched self-detected stall on CPU
[ 3120.471615] 	1-...!: (1 GPs behind) idle=f2e/140000000000001/0 softirq=1102/1103 fqs=0 
[ 3120.481640] 	 (t=225052 jiffies g=-130 c=-131 q=64)
[ 3120.481675] INFO: rcu_sched self-detected stall on CPU
[ 3120.487631] rcu_sched kthread starved for 777552 jiffies! g18446744073709551486 c18446744073709551485 f0x0 RCU_GP_WAIT_FQS(3) ->state=0x0 ->cpu=0
[ 3120.494200] 	0-...!: (2 ticks this GP) idle=4e2/1/0 softirq=705/705 fqs=0 
[ 3120.508903] rcu_sched       R  running task        0     8      2 0x80000000
[ 3120.517171] 	 (t=777552 jiffies g=-130 c=-131 q=64)
[ 3120.525215] Call Trace:
[ 3120.530626] rcu_sched kthread starved for 777552 jiffies! g18446744073709551486 c18446744073709551485 f0x0 RCU_GP_WAIT_FQS(3) ->state=0x0 ->cpu=0
[ 3120.533677]  __schedule+0x24e/0x890
[ 3120.548255] rcu_sched       R  running task        0     8      2 0x80000000
[ 3120.553265]  schedule+0x2c/0x80
[ 3120.560958] Call Trace:
[ 3120.560970]  __schedule+0x24e/0x890
[ 3120.560974]  schedule+0x2c/0x80
[ 3120.564962]  schedule_timeout+0x15d/0x370
[ 3120.568372]  schedule_timeout+0x15d/0x370
[ 3120.573076]  ? __next_timer_interrupt+0xe0/0xe0
[ 3120.577239]  ? __next_timer_interrupt+0xe0/0xe0
[ 3120.583178]  rcu_gp_kthread+0x53a/0x980
[ 3120.587774]  rcu_gp_kthread+0x53a/0x980
[ 3120.593023]  kthread+0x121/0x140
[ 3120.593025]  ? rcu_note_context_switch+0x150/0x150
[ 3120.593026]  ? kthread_create_worker_on_cpu+0x70/0x70
[ 3120.593028]  ret_from_fork+0x35/0x40
[ 3120.593032] Sending NMI from CPU 1 to CPUs 0:
[ 3120.597834]  kthread+0x121/0x140
[ 3120.603496] NMI backtrace for cpu 0
[ 3120.603497] CPU: 0 PID: 0 Comm: swapper/0 Not tainted 4.15.0-142-generic #146-Ubuntu
[ 3120.603498] Hardware name: innotek GmbH VirtualBox/VirtualBox, BIOS VirtualBox 12/01/2006
[ 3120.603499] RIP: 0010:io_serial_out+0x1a/0x20
[ 3120.603499] RSP: 0018:ffff9abd7fc03af8 EFLAGS: 00010002
[ 3120.603501] RAX: 0000000000000020 RBX: ffffffff8a50ee60 RCX: 0000000000000000
[ 3120.603501] RDX: 00000000000003f8 RSI: 0000000000000000 RDI: ffffffff8a50ee60
[ 3120.603502] RBP: ffff9abd7fc03af8 R08: 0000000000000000 R09: 0000000000000007
[ 3120.603503] R10: 0000000000000000 R11: ffffffff8a36280d R12: 0000000000000020
[ 3120.603503] R13: ffffffff8a36282b R14: ffffffff8a362802 R15: ffffffff8a50ee60
[ 3120.603504] FS:  0000000000000000(0000) GS:ffff9abd7fc00000(0000) knlGS:0000000000000000
[ 3120.603504] CS:  0010 DS: 0000 ES: 0000 CR0: 0000000080050033
[ 3120.603505] CR2: 000055561e8a0808 CR3: 0000000029c0a003 CR4: 00000000000206f0
[ 3120.603506] Call Trace:
[ 3120.603506]  <IRQ>
[ 3120.603507]  serial8250_console_putchar+0x2d/0x40
[ 3120.603507]  ? wait_for_xmitr+0xb0/0xb0
[ 3120.603508]  uart_console_write+0x4c/0x60
[ 3120.603508]  serial8250_console_write+0x10a/0x2b0
[ 3120.603509]  ? msg_print_text+0x80/0x100
[ 3120.603509]  univ8250_console_write+0x21/0x30
[ 3120.603510]  console_unlock+0x3cf/0x560
[ 3120.603510]  vprintk_emit+0x134/0x2c0
[ 3120.603511]  ? kthread+0x121/0x140
[ 3120.603511]  vprintk_default+0x29/0x50
[ 3120.603512]  vprintk_func+0x47/0xc0
[ 3120.603512]  printk+0x52/0x6e
[ 3120.603513]  ? kernel_text_address+0xe8/0xf0
[ 3120.603513]  ? kthread+0x121/0x140
[ 3120.603513]  ? kthread+0x121/0x140
[ 3120.603514]  show_trace_log_lvl+0x218/0x3d0
[ 3120.603514]  ? kthread+0x121/0x140
[ 3120.603515]  ? kthread+0x121/0x140
[ 3120.603515]  show_stack+0x34/0x50
[ 3120.603516]  sched_show_task+0xfe/0x130
[ 3120.603516]  rcu_check_gp_kthread_starvation+0xad/0xc0
[ 3120.603517]  rcu_check_callbacks+0x6c5/0x8e0
[ 3120.603517]  ? tick_sched_do_timer+0x50/0x50
[ 3120.603518]  update_process_times+0x2f/0x60
[ 3120.603518]  tick_sched_handle+0x26/0x70
[ 3120.603519]  ? tick_sched_do_timer+0x42/0x50
[ 3120.603519]  tick_sched_timer+0x39/0x80
[ 3120.603520]  __hrtimer_run_queues+0xdf/0x230
[ 3120.603520]  hrtimer_interrupt+0xa0/0x1d0
[ 3120.603521]  smp_apic_timer_interrupt+0x6f/0x140
[ 3120.603521]  apic_timer_interrupt+0x90/0xa0
[ 3120.603522]  </IRQ>
[ 3120.603522] RIP: 0010:native_safe_halt+0x12/0x20
[ 3120.603523] RSP: 0018:ffffffff89e03e28 EFLAGS: 00010246 ORIG_RAX: ffffffffffffff11
[ 3120.603524] RAX: ffffffff893c7560 RBX: 0000000000000000 RCX: 0000000000000000
[ 3120.603525] RDX: 0000000000000000 RSI: 0000000000000000 RDI: 0000000000000000
[ 3120.603526] RBP: ffffffff89e03e28 R08: 0000000000000002 R09: 0000000000000002
[ 3120.603526] R10: 0000000000000000 R11: 0000000000000000 R12: 0000000000000000
[ 3120.603527] R13: 0000000000000000 R14: 0000000000000000 R15: 0000000000000000
[ 3120.603527]  ? __sched_text_end+0x1/0x1
[ 3120.603528]  default_idle+0x20/0x100
[ 3120.603528]  arch_cpu_idle+0x15/0x20
[ 3120.603529]  default_idle_call+0x23/0x30
[ 3120.603529]  do_idle+0x172/0x1f0
[ 3120.603530]  cpu_startup_entry+0x73/0x80
[ 3120.603530]  rest_init+0xae/0xb0
[ 3120.603531]  start_kernel+0x4dc/0x500
[ 3120.603531]  x86_64_start_reservations+0x24/0x26
[ 3120.603532]  x86_64_start_kernel+0x74/0x77
[ 3120.603532]  secondary_startup_64+0xa5/0xb0
[ 3120.603533] Code: 55 48 89 e5 d3 e6 01 f2 ec 0f b6 c0 5d c3 0f 1f 00 0f 1f 44 00 00 0f b6 8f a1 00 00 00 89 d0 8b 57 08 55 48 89 e5 d3 e6 01 f2 ee <5d> c3 0f 1f 40 00 0f 1f 44 00 00 0f b6 87 a2 00 00 00 55 48 c7 
[ 3120.603552] NMI backtrace for cpu 1
[ 3120.608210]  ? rcu_note_context_switch+0x150/0x150
[ 3120.612128] CPU: 1 PID: 262 Comm: modprobe Not tainted 4.15.0-142-generic #146-Ubuntu
[ 3120.618926]  ? kthread_create_worker_on_cpu+0x70/0x70
[ 3120.626003] Hardware name: innotek GmbH VirtualBox/VirtualBox, BIOS VirtualBox 12/01/2006
[ 3120.631104]  ret_from_fork+0x35/0x40
[ 3120.636708] Call Trace:
[ 3121.085205]  <IRQ>
[ 3121.088065]  dump_stack+0x6d/0x8b
[ 3121.091898]  nmi_cpu_backtrace+0x94/0xa0
[ 3121.096935]  ? lapic_can_unplug_cpu+0xb0/0xb0
[ 3121.102924]  nmi_trigger_cpumask_backtrace+0xe7/0x130
[ 3121.109308]  arch_trigger_cpumask_backtrace+0x19/0x20
[ 3121.115598]  rcu_dump_cpu_stacks+0xa3/0xd5
[ 3121.121586]  rcu_check_callbacks+0x6cd/0x8e0
[ 3121.126499]  ? tick_sched_do_timer+0x50/0x50
[ 3121.133411]  update_process_times+0x2f/0x60
[ 3121.138815]  tick_sched_handle+0x26/0x70
[ 3121.143389]  ? tick_sched_do_timer+0x50/0x50
[ 3121.147615]  tick_sched_timer+0x39/0x80
[ 3121.151960]  __hrtimer_run_queues+0xdf/0x230
[ 3121.157408]  hrtimer_interrupt+0xa0/0x1d0
[ 3121.162479]  smp_apic_timer_interrupt+0x6f/0x140
[ 3121.166855]  apic_timer_interrupt+0x90/0xa0
[ 3121.170872]  </IRQ>
[ 3121.173668] RIP: 0010:do_xor_speed+0x4f/0xc9 [xor]
[ 3121.179699] RSP: 0018:ffffaf4b003afc18 EFLAGS: 00010246 ORIG_RAX: ffffffffffffff11
[ 3121.189638] RAX: 0000000000000000 RBX: 0000000000000000 RCX: ffff9abd7687ab80
[ 3121.198799] RDX: 000000010002542d RSI: ffff9abd765b1000 RDI: ffff9abd7687bf40
[ 3121.208191] RBP: ffffaf4b003afc50 R08: ffffffffc02f0680 R09: 0000000000000000
[ 3121.216232] R10: 0000000000000001 R11: ffffffff88f31630 R12: ffffffffc02f3080
[ 3121.227010] R13: 00000000f9847be0 R14: 0000000000000004 R15: 000000010002542d
[ 3121.245372]  ? vga_set_palette+0x180/0x180
[ 3121.249653]  ? xor_sse_3_pf64+0x260/0x260 [xor]
[ 3121.256446]  ? do_xor_speed+0x7d/0xc9 [xor]
[ 3121.262634]  calibrate_xor_blocks+0xc3/0xf37 [xor]
[ 3121.267175]  ? do_xor_speed+0xc9/0xc9 [xor]
[ 3121.273956]  do_one_initcall+0x52/0x1a0
[ 3121.278770]  ? _cond_resched+0x19/0x40
[ 3121.284115]  ? kmem_cache_alloc_trace+0x9f/0x1d0
[ 3121.289843]  ? do_init_module+0x27/0x211
[ 3121.293558]  do_init_module+0x5f/0x211
[ 3121.297119]  load_module+0x1744/0x1fe0
[ 3121.301239]  ? ima_post_read_file+0x96/0xa0
[ 3121.305221]  SYSC_finit_module+0xfc/0x120
[ 3121.308966]  ? SYSC_finit_module+0xfc/0x120
[ 3121.314275]  SyS_finit_module+0xe/0x10
[ 3121.317824]  do_syscall_64+0x73/0x130
[ 3121.322291]  entry_SYSCALL_64_after_hwframe+0x41/0xa6
[ 3121.327499] RIP: 0033:0x7f39a8b12639
[ 3121.331049] RSP: 002b:00007ffe8c6c1fa8 EFLAGS: 00000246 ORIG_RAX: 0000000000000139
[ 3121.338915] RAX: ffffffffffffffda RBX: 0000558ed88ea700 RCX: 00007f39a8b12639
[ 3121.347293] RDX: 0000000000000000 RSI: 0000558ed67a4cee RDI: 0000000000000005
[ 3121.355258] RBP: 0000558ed67a4cee R08: 0000000000000000 R09: 0000558ed88e9e00
[ 3121.366557] R10: 0000000000000005 R11: 0000000000000246 R12: 0000000000000000
[ 3121.378440] R13: 0000558ed88f14f0 R14: 0000000000060000 R15: 0000558ed88e9e00
[ 3121.386887] NMI backtrace for cpu 0
[ 3121.391905] CPU: 0 PID: 0 Comm: swapper/0 Not tainted 4.15.0-142-generic #146-Ubuntu
[ 3121.403326] Hardware name: innotek GmbH VirtualBox/VirtualBox, BIOS VirtualBox 12/01/2006
[ 3121.415675] Call Trace:
[ 3121.420126]  <IRQ>
[ 3121.423488]  dump_stack+0x6d/0x8b
[ 3121.428668]  nmi_cpu_backtrace+0x94/0xa0
[ 3121.434727]  ? lapic_can_unplug_cpu+0xb0/0xb0
[ 3121.442354]  nmi_trigger_cpumask_backtrace+0xe7/0x130
[ 3121.450100]  arch_trigger_cpumask_backtrace+0x19/0x20
[ 3121.456775]  rcu_dump_cpu_stacks+0xa3/0xd5
[ 3121.463670]  rcu_check_callbacks+0x6cd/0x8e0
[ 3121.470364]  ? tick_sched_do_timer+0x50/0x50
[ 3121.476152]  update_process_times+0x2f/0x60
[ 3121.482996]  tick_sched_handle+0x26/0x70
[ 3121.488722]  ? tick_sched_do_timer+0x42/0x50
[ 3121.495350]  tick_sched_timer+0x39/0x80
[ 3121.501549]  __hrtimer_run_queues+0xdf/0x230
[ 3121.507861]  hrtimer_interrupt+0xa0/0x1d0
[ 3121.513362]  smp_apic_timer_interrupt+0x6f/0x140
[ 3121.520605]  apic_timer_interrupt+0x90/0xa0
[ 3121.526692]  </IRQ>
[ 3121.530156] RIP: 0010:native_safe_halt+0x12/0x20
[ 3121.536866] RSP: 0018:ffffffff89e03e28 EFLAGS: 00010246 ORIG_RAX: ffffffffffffff11
[ 3121.550815] RAX: ffffffff893c7560 RBX: 0000000000000000 RCX: 0000000000000000
[ 3121.561811] RDX: 0000000000000000 RSI: 0000000000000000 RDI: 0000000000000000
[ 3121.572846] RBP: ffffffff89e03e28 R08: 0000000000000002 R09: 0000000000000002
[ 3121.583348] R10: 0000000000000000 R11: 0000000000000000 R12: 0000000000000000
[ 3121.594342] R13: 0000000000000000 R14: 0000000000000000 R15: 0000000000000000
[ 3121.605266]  ? __sched_text_end+0x1/0x1
[ 3121.611037]  default_idle+0x20/0x100
[ 3121.618345]  arch_cpu_idle+0x15/0x20
[ 3121.627333]  default_idle_call+0x23/0x30
[ 3121.634097]  do_idle+0x172/0x1f0
[ 3121.648477]  cpu_startup_entry+0x73/0x80
[ 3121.655953]  rest_init+0xae/0xb0
[ 3121.661631]  start_kernel+0x4dc/0x500
[ 3121.667952]  x86_64_start_reservations+0x24/0x26
[ 3121.675728]  x86_64_start_kernel+0x74/0x77
[ 3121.681888]  secondary_startup_64+0xa5/0xb0
[ 3121.688555] Sending NMI from CPU 0 to CPUs 1:
[ 3121.695480] NMI backtrace for cpu 1
[ 3121.695481] CPU: 1 PID: 262 Comm: modprobe Not tainted 4.15.0-142-generic #146-Ubuntu
[ 3121.695482] Hardware name: innotek GmbH VirtualBox/VirtualBox, BIOS VirtualBox 12/01/2006
[ 3121.695482] RIP: 0010:__kernel_fpu_end+0x75/0x80
[ 3121.695483] RSP: 0018:ffffaf4b003afbc0 EFLAGS: 00010202
[ 3121.695484] RAX: 0000000000000000 RBX: 0000000000000010 RCX: ffff9abd7687ab80
[ 3121.695485] RDX: ffff9abd765b4000 RSI: ffff9abd765b1000 RDI: ffff9abd7687bf40
[ 3121.695486] RBP: ffffaf4b003afbd0 R08: ffffffffc02f0680 R09: 0000000000000000
[ 3121.695486] R10: 0000000000000001 R11: ffffffff88f31630 R12: ffff9abd765b0000
[ 3121.695487] R13: ffff9abd765b3000 R14: 0000000000000004 R15: 00000001000ac261
[ 3121.695488] FS:  00007f39a900f540(0000) GS:ffff9abd7fd00000(0000) knlGS:0000000000000000
[ 3121.695488] CS:  0010 DS: 0000 ES: 0000 CR0: 0000000080050033
[ 3121.695489] CR2: 000055561e8a0808 CR3: 0000000036454004 CR4: 00000000000206e0
[ 3121.695489] Call Trace:
[ 3121.695490]  kernel_fpu_end+0xe/0x10
[ 3121.695490]  xor_sse_2_pf64+0x199/0x1a0 [xor]
[ 3121.695491]  do_xor_speed+0x7d/0xc9 [xor]
[ 3121.695491]  calibrate_xor_blocks+0xc3/0xf37 [xor]
[ 3121.695492]  ? do_xor_speed+0xc9/0xc9 [xor]
[ 3121.695492]  do_one_initcall+0x52/0x1a0
[ 3121.695493]  ? _cond_resched+0x19/0x40
[ 3121.695493]  ? kmem_cache_alloc_trace+0x9f/0x1d0
[ 3121.695494]  ? do_init_module+0x27/0x211
[ 3121.695494]  do_init_module+0x5f/0x211
[ 3121.695495]  load_module+0x1744/0x1fe0
[ 3121.695495]  ? ima_post_read_file+0x96/0xa0
[ 3121.695496]  SYSC_finit_module+0xfc/0x120
[ 3121.695496]  ? SYSC_finit_module+0xfc/0x120
[ 3121.695497]  SyS_finit_module+0xe/0x10
[ 3121.695497]  do_syscall_64+0x73/0x130
[ 3121.695498]  entry_SYSCALL_64_after_hwframe+0x41/0xa6
[ 3121.695499] RIP: 0033:0x7f39a8b12639
[ 3121.695499] RSP: 002b:00007ffe8c6c1fa8 EFLAGS: 00000246 ORIG_RAX: 0000000000000139
[ 3121.695500] RAX: ffffffffffffffda RBX: 0000558ed88ea700 RCX: 00007f39a8b12639
[ 3121.695501] RDX: 0000000000000000 RSI: 0000558ed67a4cee RDI: 0000000000000005
[ 3121.695502] RBP: 0000558ed67a4cee R08: 0000000000000000 R09: 0000558ed88e9e00
[ 3121.695502] R10: 0000000000000005 R11: 0000000000000246 R12: 0000000000000000
[ 3121.695503] R13: 0000558ed88f14f0 R14: 0000000000060000 R15: 0000558ed88e9e00
[ 3121.695503] Code: 00 48 89 7d f0 eb 0a 0f 1f 00 db e2 0f 77 db 45 f0 eb 10 0f 1f 00 b8 ff ff ff ff 89 c2 48 0f ae 2f eb c1 48 0f ae 89 c0 13 00 00 <eb> b7 e8 e4 4a 05 00 0f 1f 40 00 0f 1f 44 00 00 55 48 89 e5 e8 
[ 3122.555528]    prefetch64-sse: 881999.000 MB/sec
[ 3122.662378]    generic_sse: 39757.000 MB/sec
[ 3122.669137] xor: using function: prefetch64-sse (881999.000 MB/sec)
[ 3122.682049] async_tx: api initialized (async)
done.
Begin: Running /scripts/init-premount ... done.
Begin: Mounting root file system ... Begin: Running /scripts/local-top ... done.
Begin: Running /scripts/local-premount ... [ 3122.826416] Btrfs loaded, crc32c=crc32c-intel
Scanning for Btrfs filesystems
done.
Warning: fsck not present, so skipping root file system
[ 3122.918594] EXT4-fs (sda1): mounted filesystem with ordered data mode. Opts: (null)
done.
Begin: Running /scripts/local-bottom ... done.
Begin: Running /scripts/init-bottom ... done.
[ 3123.275875] ip_tables: (C) 2000-2006 Netfilter Core Team
[ 3123.309281] systemd[1]: systemd 237 running in system mode. (+PAM +AUDIT +SELINUX +IMA +APPARMOR +SMACK +SYSVINIT +UTMP +LIBCRYPTSETUP +GCRYPT +GNUTLS +ACL +XZ +LZ4 +SECCOMP +BLKID +ELFUTILS +KMOD -IDN2 +IDN -PCRE2 default-hierarchy=hybrid)
[ 3123.337848] systemd[1]: Detected virtualization oracle.
[ 3123.344885] systemd[1]: Detected architecture x86-64.

Welcome to [1mUbuntu 18.04.5 LTS[0m!

[ 3123.398097] systemd[1]: Set hostname to <ubuntu>.
[ 3123.416602] systemd[1]: Initializing machine ID from random generator.
[ 3123.424459] systemd[1]: Installed transient /etc/machine-id file.
[ 3123.986774] systemd[1]: Created slice User and Session Slice.
[[0;32m  OK  [0m] Created slice User and Session Slice.
[ 3124.001776] systemd[1]: Created slice System Slice.
[[0;32m  OK  [0m] Created slice System Slice.
[ 3124.013396] systemd[1]: Reached target System Time Synchronized.
[[0;32m  OK  [0m] Reached target System Time Synchronized.
[ 3124.028010] systemd[1]: Reached target Swap.
[[0;32m  OK  [0m] Reached target Swap.
[[0;32m  OK  [0m] Listening on Device-mapper event daemon FIFOs.
[[0;32m  OK  [0m] Listening on LVM2 metadata daemon socket.
[[0;32m  OK  [0m] Listening on udev Control Socket.
[[0;32m  OK  [0m] Created slice system-serial\x2dgetty.slice.
[[0;32m  OK  [0m] Listening on udev Kernel Socket.
[[0;32m  OK  [0m] Listening on Journal Audit Socket.
[[0;32m  OK  [0m] Set up automount Arbitrary Executab…rmats File System Automount Point.
[[0;32m  OK  [0m] Listening on Journal Socket (/dev/log).
[[0;32m  OK  [0m] Reached target User and Group Name Lookups.
[[0;32m  OK  [0m] Listening on /dev/initctl Compatibility Named Pipe.
[[0;32m  OK  [0m] Started Forward Password Requests to Wall Directory Watch.
[[0;32m  OK  [0m] Listening on Network Service Netlink Socket.
[[0;32m  OK  [0m] Listening on Syslog Socket.
[[0;32m  OK  [0m] Listening on LVM2 poll daemon socket.
[[0;32m  OK  [0m] Listening on Journal Socket.
         Starting Set the console keyboard layout...
         Starting Journal Service...
         Mounting Kernel Debug File System...
         Starting Monitoring of LVM2 mirrors…ng dmeventd or progress polling...
         Mounting Huge Pages File System...
         Starting Load Kernel Modules...
         Mounting POSIX Message Queue File System...
         Starting udev Coldplug all Devices...
[[0;32m  OK  [0m] Reached target Slices.
         Starting Uncomplicated firewall...
[[0;32m  OK  [0m] Listening on fsck to fsckd communication Socket.
         Starting File System Check on Root Device...
         Starting Create list of required st…ce nodes for the current kernel...
[[0;32m  OK  [0m] Mounted Kernel Debug File System.
[[0;32m  OK  [0m] Mounted Huge Pages File System.
[[0;32m  OK  [0m] Mounted POSIX Message Queue File System.
[[0;32m  OK  [0m] Started Uncomplicated firewall.[ 3124.470392] Loading iSCSI transport class v2.0-870.

[[0;32m  OK  [0m] Started Create list of required sta…vice nodes for the current kernel.
[[0;32m  OK  [0m] Started File System Check Daemon to report status.
[[0;32m  OK  [0m] Started LVM2 metadata daemon.
         Starting Create Static Device Nodes in /dev...
[[0;32m  OK  [0m] Started Journal Service.
[[0;32m  OK  [0m] Started Monitoring of LVM2 mirrors,…sing dmeventd or progress polling.
[ 3124.621591] iscsi: registered transport (tcp)
[[0;32m  OK  [0m] Started File System Check on Root Device.
         Starting Remount Root and Kernel File Systems...
[[0;32m  OK  [0m] Started udev Coldplug all Devices.
[ 3124.679582] EXT4-fs (sda1): re-mounted. Opts: (null)
[[0;32m  OK  [0m] Started Remount Root and Kernel File Systems.
         Starting Flush Journal to Persistent Storage...
         Starting Load/Save Random Seed...
[ 3124.759970] iscsi: registered transport (iser)
[[0;32m  OK  [0m] Started Set the console keyboard layout.
[[0;32m  OK  [0m] Started Load Kernel Modules.
[[0;32m  OK  [0m] Started Create Static Device Nodes in /dev.
         Starting udev Kernel Device Manager...
         Mounting Kernel Configuration File System...
         Starting Apply Kernel Variables...
         Mounting FUSE Control File System...
[[0;32m  OK  [0m] Reached target Local File Systems (Pre).
[[0;32m  OK  [0m] Reached target Local File Systems.
         Starting Set console font and keymap...
         Starting AppArmor initialization...
         Starting Tell Plymouth To Write Out Runtime Data...
         Starting ebtables ruleset management...
         Starting Commit a transient machine-id on disk...
[[0;32m  OK  [0m] Started Load/Save Random Seed.
[[0;32m  OK  [0m] Mounted Kernel Configuration File System.
[[0;32m  OK  [0m] Mounted FUSE Control File System.
[[0;32m  OK  [0m] Started Set console font and keymap.
[ 3124.926459] systemd-journald[389]: Received request to flush runtime journal from PID 1
[[0;32m  OK  [0m] Started Tell Plymouth To Write Out Runtime Data.
[[0;32m  OK  [0m] Started udev Kernel Device Manager.
[[0;32m  OK  [0m] Started Dispatch Password Requests to Console Directory Watch.
[[0;32m  OK  [0m] Reached target Local Encrypted Volumes.
[[0;32m  OK  [0m] Started Apply Kernel Variables.
[[0;32m  OK  [0m] Started Flush Journal to Persistent Storage.
[[0;32m  OK  [0m] Started Commit a transient machine-id on disk.
         Starting Create Volatile Files and Directories...
[[0;32m  OK  [0m] Started Create Volatile Files and Directories.
[[0;32m  OK  [0m] Started ebtables ruleset management.
         Starting Update UTMP about System Boot/Shutdown...
[[0;32m  OK  [0m] Started Update UTMP about System Boot/Shutdown.
[[0;32m  OK  [0m] Found device /dev/ttyS0.
[[0;32m  OK  [0m] Listening on Load/Save RF Kill Switch Status /dev/rfkill Watch.
[[0;32m  OK  [0m] Started AppArmor initialization.
         Starting Load AppArmor profiles managed internally by snapd...
         Starting Initial cloud-init job (pre-networking)...
[[0;32m  OK  [0m] Started Load AppArmor profiles managed internally by snapd.
[ 3130.972147] cloud-init[561]: Cloud-init v. 21.1-19-gbad84ad4-0ubuntu1~18.04.1 running 'init-local' at Sat, 17 Apr 2021 18:17:16 +0000. Up 3130.03 seconds.
[[0;32m  OK  [0m] Started Initial cloud-init job (pre-networking).
[[0;32m  OK  [0m] Reached target Network (Pre).
         Starting Network Service...
[[0;32m  OK  [0m] Started Network Service.
         Starting Network Name Resolution...
         Starting Wait for Network to be Configured...
[[0;32m  OK  [0m] Started Network Name Resolution.
[[0;32m  OK  [0m] Reached target Host and Network Name Lookups.
[[0;32m  OK  [0m] Reached target Network.
[[0;32m  OK  [0m] Started Wait for Network to be Configured.
         Starting Initial cloud-init job (metadata service crawler)...
[ 3134.868215] cloud-init[654]: Cloud-init v. 21.1-19-gbad84ad4-0ubuntu1~18.04.1 running 'init' at Sat, 17 Apr 2021 18:17:21 +0000. Up 3134.49 seconds.
[ 3134.884909] cloud-init[654]: ci-info: ++++++++++++++++++++++++++++++++++++++Net device info++++++++++++++++++++++++++++++++++++++
[ 3134.898366] cloud-init[654]: ci-info: +--------+------+----------------------------+---------------+--------+-------------------+
[ 3134.912024] cloud-init[654]: ci-info: | Device |  Up  |          Address           |      Mask     | Scope  |     Hw-Address    |
[ 3134.925298] cloud-init[654]: ci-info: +--------+------+----------------------------+---------------+--------+-------------------+
[ 3134.939252] cloud-init[654]: ci-info: | enp0s3 | True |         10.0.2.15          | 255.255.255.0 | global | 02:f3:7b:02:da:50 |
[ 3134.953438] cloud-init[654]: ci-info: | enp0s3 | True | fe80::f3:7bff:fe02:da50/64 |       .       |  link  | 02:f3:7b:02:da:50 |
[ 3134.966624] cloud-init[654]: ci-info: |   lo   | True |         127.0.0.1          |   255.0.0.0   |  host  |         .         |
[ 3134.981207] cloud-init[654]: ci-info: |   lo   | True |          ::1/128           |       .       |  host  |         .         |
[ 3134.993913] cloud-init[654]: ci-info: +--------+------+----------------------------+---------------+--------+-------------------+
[ 3135.007117] cloud-init[654]: ci-info: ++++++++++++++++++++++++++++Route IPv4 info+++++++++++++++++++++++++++++
[ 3135.020109] cloud-init[654]: ci-info: +-------+-------------+----------+-----------------+-----------+-------+
[ 3135.031751] cloud-init[654]: ci-info: | Route | Destination | Gateway  |     Genmask     | Interface | Flags |
[ 3135.043620] cloud-init[654]: ci-info: +-------+-------------+----------+-----------------+-----------+-------+
[ 3135.054304] cloud-init[654]: ci-info: |   0   |   0.0.0.0   | 10.0.2.2 |     0.0.0.0     |   enp0s3  |   UG  |
[ 3135.065997] cloud-init[654]: ci-info: |   1   |   10.0.2.0  | 0.0.0.0  |  255.255.255.0  |   enp0s3  |   U   |
[ 3135.079052] cloud-init[654]: ci-info: |   2   |   10.0.2.2  | 0.0.0.0  | 255.255.255.255 |   enp0s3  |   UH  |
[ 3135.092769] cloud-init[654]: ci-info: +-------+-------------+----------+-----------------+-----------+-------+
[ 3135.103892] cloud-init[654]: ci-info: +++++++++++++++++++Route IPv6 info+++++++++++++++++++
[ 3135.116084] cloud-init[654]: ci-info: +-------+-------------+---------+-----------+-------+
[ 3135.127223] cloud-init[654]: ci-info: | Route | Destination | Gateway | Interface | Flags |
[ 3135.142751] cloud-init[654]: ci-info: +-------+-------------+---------+-----------+-------+
[ 3135.158980] cloud-init[654]: ci-info: |   1   |  fe80::/64  |    ::   |   enp0s3  |   U   |
[ 3135.181155] cloud-init[654]: ci-info: |   3   |    local    |    ::   |   enp0s3  |   U   |
[ 3135.197166] cloud-init[654]: ci-info: |   4   |   ff00::/8  |    ::   |   enp0s3  |   U   |
[ 3135.212841] cloud-init[654]: ci-info: +-------+-------------+---------+-----------+-------+
[ 3136.725946] cloud-init[654]: Generating public/private rsa key pair.
[ 3136.736658] cloud-init[654]: Your identification has been saved in /etc/ssh/ssh_host_rsa_key.
[ 3136.747710] cloud-init[654]: Your public key has been saved in /etc/ssh/ssh_host_rsa_key.pub.
[ 3136.758451] cloud-init[654]: The key fingerprint is:
[ 3136.767425] cloud-init[654]: SHA256:SsTUZMSzgET9ZS2o7kfcfxH7LYZcGc32hqISOudtDpo root@ubuntu-bionic
[ 3136.778089] cloud-init[654]: The key's randomart image is:
[ 3136.786896] cloud-init[654]: +---[RSA 2048]----+
[ 3136.795431] cloud-init[654]: |   ooo.=+. .     |
[ 3136.809812] cloud-init[654]: |    .oo.= + .    |
[ 3136.818094] cloud-init[654]: |      o+ = .   o |
[ 3136.826745] cloud-init[654]: |     .. o     o +|[[0;32m  OK  [0m] Started Initial cloud-init job (metadata service crawler).
[[0;32m  OK  [0m] Reached target Network is Online.
         Starting Availability of block devices...
[[0;32m  OK  [0m] Reached target Remote File Systems (Pre).
[[0;32m  OK  [0m] Reached target Remote File Systems.
[[0;32m  OK  [0m] Reached target Cloud-config availability.

[ 3136.857177] cloud-init[654]: |     ...S.     B.|
[[0;32m  OK  [0m] Reached target System Initialization.
[ 3136.871106] cloud-init[654]: |     ...+ . . * o|
[[0;32m  OK  [0m] Started ACPI Events Check.
[ 3136.885210] cloud-init[654]: |     ..o.. + + +.|
[ 3136.892783] cloud-init[654]: |      +o+oo + + o|
[ 3136.895887] cloud-init[654]: |      E=.+o  o . |
         Starting Socket activation for snappy daemon.
[ 3136.902768] cloud-init[654]: +----[SHA256]-----+
[ 3136.912993] cloud-init[654]: Generating public/private dsa key pair.
[ 3136.917533] cloud-init[654]: Your identification has been saved in /etc/ssh/ssh_host_dsa_key.
[ 3136.925004] cloud-init[654]: Your public key has been saved in /etc/ssh/ssh_host_dsa_key.pub.
[ 3136.930451] cloud-init[654]: The key fingerprint is:
[ 3136.933909] cloud-init[654]: SHA256:A2fOh06aW8hcVfYsBbtiA2dAVUi7pfuNqcPnnqmSiP8 root@ubuntu-bionic
[ 3136.939251] cloud-init[654]: The key's randomart image is:
[ 3136.943359] cloud-init[654]: +---[DSA 1024]----+
[ 3136.946517] cloud-init[654]: |       .oooo=..  |
[ 3136.950064] cloud-init[654]: |         ..+ =   |
[ 3136.953468] cloud-init[654]: |      . + = + o  |
[ 3136.956872] cloud-init[654]: |       * * + o   |
[[0;32m  OK  [0m] Listening on D-Bus System Message Bus Socket.
[ 3136.960859] [[0;32m  OK  [0m] Listening on UUID daemon activation socket.
[[0;32m  OK  [0m] Listening on ACPID Listen Socket.
[[0;32m  OK  [0m] Started Daily Cleanup of Temporary Directories.
[[0;32m  OK  [0m] Started Daily apt download activities.
         Starting LXD - unix socket.
[[0;32m  OK  [0m] Reached target Paths.
[[0;32m  OK  [0m] Started Daily apt upgrade and clean activities.
[[0;32m  OK  [0m] Listening on Open-iSCSI iscsid Socket.
[[0;32m  OK  [0m] Started Discard unused blocks once a week.
[[0;32m  OK  [0m] Started Message of the Day.
[[0;32m  OK  [0m] Reached target Timers.
[[0;32m  OK  [0m] Started Availability of block devices.
[[0;32m  OK  [0m] Listening on Socket activation for snappy daemon.
         Starting Cleanup of Temporary Directories...
cloud-init[[0;32m  OK  [0m] Listening on LXD - unix socket.
[[0;32m  OK  [0m] Reached target Sockets.
[[0;32m  OK  [0m] Reached target Basic System.
         Starting Permit User Sessions...
[654]: |        S B .    |         Starting Login Service...

[ 3137.041718]          Starting Pollinate to seed the pseudo random number generator...
         Starting LXD - container startup/shutdown...
cloud-init[654]:          Starting LSB: automatic crash report generation...
|     o B + +     |
[[0;32m  OK  [0m] Started Regular background program processing daemon.
         Starting LSB: Record successful boot for GRUB...
[[0;32m  OK  [0m] Started Deferred execution scheduler.
[ 3137.107940] cloud-init[654]: |     .*.oo.      |
[ 3137.121343] cloud-init[654]: |    . .oo o..*   |
[ 3137.135514] cloud-init[654]: |     .o.E.oBO .  |
[ 3137.150381] cloud-init[654]: +----[SHA256]-----+
[ 3137.163178] cloud-init[654]: Generating public/private ecdsa key pair.
[ 3137.177785] cloud-init[654]: Your identification has been saved in /etc/ssh/ssh_host_ecdsa_key.
[ 3137.203256] cloud-init[654]: Your public key has been saved in /etc/ssh/ssh_host_ecdsa_key.pub.
[ 3137.221602] cloud-init[654]: The key fingerprint is:
[ 3137.242678] cloud-init[654]: SHA256:s5M5flyOrgAp6ykifFnFE/HiRSHBhwkg3KnxwsuQt28 root@ubuntu-bionic
[ 3137.266254] cloud-init[654]: The key's randomart image is:
[ 3137.275744] cloud-init[654]: +---[ECDSA 256]---+
[ 3137.285680] cloud-init[654]: |....o.o+=o.      |
[ 3137.296147] cloud-init[654]: | o.o   =+.       |
[ 3137.306240] cloud-init[654]: |..+   ..oo       |         Starting Snap Daemon...
         Starting Accounts Service...

[ 3137.325073] cloud-init[654]: |o+.. ..+o        |
[ 3137.333034] cloud-init[654]: |o.+.o ..S        |
[ 3137.356944] cloud-init[654]: | o.o o   =  .    |
[ 3137.376898] cloud-init[654]: |. ..o . *. +     |
[ 3137.386176] cloud-init[654]: |+o +E  o o+ .    |
[[0;32m  OK  [0m] Started irqbalance daemon.
[ 3137.409808] [[0;32m  OK  [0m] Started FUSE filesystem for LXC.
         Starting System Logging Service...
         Starting Virtualbox guest utils...
cloud-init[654]: |o.+.    o+.      |
[ 3137.441231] cloud-init[654]: +----[SHA256]-----+
[ 3137.451539] cloud-init[654]: Generating public/private ed25519 key pair.
[ 3137.470905] cloud-init[654]: Your identification has been saved in /etc/ssh/ssh_host_ed25519_key.
[ 3137.494696] cloud-init[654]: Your public key has been saved in /etc/ssh/ssh_host_ed25519_key.pub.
[ 3137.510645] cloud-init[654]: The key fingerprint is:
[ 3137.523588] cloud-init[654]: SHA256:Cs2FFaviQCLSnInsNAW9qj3YdvugkoxL1jrPUMlSAqs root@ubuntu-bionic
[ 3137.538318] cloud-init[654]: The key's randomart image is:
[ 3137.554008] cloud-init[654]: +--[ED25519 256]--+
[ 3137.585808] cloud-init[654]: |..o.    o.       |
[ 3137.602745] cloud-init         Starting Dispatcher daemon for systemd-networkd...
[[0;32m  OK  [0m] Started D-Bus System Message Bus.
[654]: |o=.+   o .       |
[ 3137.670116] cloud-init[654]: |*=*.. . o        |
[ 3137.686566] cloud-init[654]: |*o=..o o         |
[ 3137.716139] cloud-init[654]: |Eoo+o + S        |
[ 3137.733862] cloud-init[654]: | .+o o .         |
[ 3137.742997] cloud-init[654]: |+O .o .          |
[ 3137.751700] cloud-init[654]: |OoO...           |
[ 3137.764030] cloud-init[654]: |.=+=.o.          |
[ 3137.773248] cloud-init[654]: +----[SHA256]-----+
[[0;32m  OK  [0m] Started Login Service.
[[0;32m  OK  [0m] Started Unattended Upgrades Shutdown.
[[0;32m  OK  [0m] Started System Logging Service.
[[0;32m  OK  [0m] Started Cleanup of Temporary Directories.
[[0;32m  OK  [0m] Started Permit User Sessions.
         Starting Hold until boot process finishes up...
         Starting Terminate Plymouth Boot Screen...
[[0;32m  OK  [0m] Started Hold until boot process finishes up.
[[0;32m  OK  [0m] Started Terminate Plymouth Boot Screen.
         Starting Set console scheme...
[[0;32m  OK  [0m] Started Serial Getty on ttyS0.
         Starting Authorization Manager...
[[0;32m  OK  [0m] Started Set console scheme.
[[0;32m  OK  [0m] Created slice system-getty.slice.
[[0;32m  OK  [0m] Started Getty on tty1.
[[0;32m  OK  [0m] Reached target Login Prompts.
[[0;32m  OK  [0m] Started LSB: automatic crash report generation.
[[0;32m  OK  [0m] Started LSB: Record successful boot for GRUB.
[[0;32m  OK  [0m] Started Authorization Manager.
[[0;32m  OK  [0m] Started Accounts Service.
[[0;32m  OK  [0m] Started LXD - container startup/shutdown.
[[0;32m  OK  [0m] Started Virtualbox guest utils.
[[0;32m  OK  [0m] Started Dispatcher daemon for systemd-networkd.
[[0;32m  OK  [0m] Started Snap Daemon.
         Starting Wait until snapd is fully seeded...
[[0;32m  OK  [0m] Started Pollinate to seed the pseudo random number generator.
         Starting OpenBSD Secure Shell server...
[[0;32m  OK  [0m] Started OpenBSD Secure Shell server.
[[0;32m  OK  [0m] Started Wait until snapd is fully seeded.
         Starting Apply the settings specified in cloud-config...
[[0;32m  OK  [0m] Reached target Multi-User System.
[[0;32m  OK  [0m] Reached target Graphical Interface.
         Starting Update UTMP about System Runlevel Changes...
[[0;32m  OK  [0m] Started Update UTMP about System Runlevel Changes.

Ubuntu 18.04.5 LTS ubuntu-bionic ttyS0

ubuntu-bionic login: [ 3145.586465] cloud-init[1031]: Cloud-init v. 21.1-19-gbad84ad4-0ubuntu1~18.04.1 running 'modules:config' at Sat, 17 Apr 2021 18:17:31 +0000. Up 3144.39 seconds.
ci-info: no authorized SSH keys fingerprints found for user ubuntu.
<14>Apr 17 18:17:33 ec2: 
<14>Apr 17 18:17:33 ec2: #############################################################
<14>Apr 17 18:17:33 ec2: -----BEGIN SSH HOST KEY FINGERPRINTS-----
<14>Apr 17 18:17:33 ec2: 1024 SHA256:A2fOh06aW8hcVfYsBbtiA2dAVUi7pfuNqcPnnqmSiP8 root@ubuntu-bionic (DSA)
<14>Apr 17 18:17:33 ec2: 256 SHA256:s5M5flyOrgAp6ykifFnFE/HiRSHBhwkg3KnxwsuQt28 root@ubuntu-bionic (ECDSA)
<14>Apr 17 18:17:33 ec2: 256 SHA256:Cs2FFaviQCLSnInsNAW9qj3YdvugkoxL1jrPUMlSAqs root@ubuntu-bionic (ED25519)
<14>Apr 17 18:17:33 ec2: 2048 SHA256:SsTUZMSzgET9ZS2o7kfcfxH7LYZcGc32hqISOudtDpo root@ubuntu-bionic (RSA)
<14>Apr 17 18:17:33 ec2: -----END SSH HOST KEY FINGERPRINTS-----
<14>Apr 17 18:17:33 ec2: #############################################################
-----BEGIN SSH HOST KEY KEYS-----
ecdsa-sha2-nistp256 AAAAE2VjZHNhLXNoYTItbmlzdHAyNTYAAAAIbmlzdHAyNTYAAABBBEi6lNiEo1rqVxNLGheibzLaxLxsCdFOKphAVWjK4pMOcSj87CuP/oDN5s/mneVuSlJwx9BWBo5GPv8fkaLWra4= root@ubuntu-bionic
ssh-ed25519 AAAAC3NzaC1lZDI1NTE5AAAAIEiCB8M6Ks8yI5bNHQdSylGmQ5e0eXtcJsqLZwOowJl1 root@ubuntu-bionic
ssh-rsa AAAAB3NzaC1yc2EAAAADAQABAAABAQDlLkxyQ/SvBAcktyhrf+Es7irp1qGVafc/kpJSSZEbxYv09a92amJaf5s9fwEeZNrhgd7xcux8r/3TN1L9CqGwJyNqby0DSnnqvqH0BXCbRUAx3iKmWxfgwRmhnlsLdWCvZwA7gwZtsNEmgMhGjVUX6wgcY8DEvsdG9c0fUI3ZhNoveBRyhWklFgR195wbQOpftKMnvqPEZpcHE/RLGZi4NJVX/T5VlfBho+Z4x67MCPaGlK3K4znYjJQ0hhlccW1LqGLE+36g2dslMrBJaO79NmKnT4Nam/n1wypxif7b/IEh/tm7bPYeaYP7+nGyyWFegC2ql8MIyy62m9qflpoB root@ubuntu-bionic
-----END SSH HOST KEY KEYS-----
[ 3146.997180] cloud-init[1109]: Cloud-init v. 21.1-19-gbad84ad4-0ubuntu1~18.04.1 running 'modules:final' at Sat, 17 Apr 2021 18:17:33 +0000. Up 3146.60 seconds.
[ 3147.011232] cloud-init[1109]: ci-info: no authorized SSH keys fingerprints found for user ubuntu.
[ 3147.022662] cloud-init[1109]: Cloud-init v. 21.1-19-gbad84ad4-0ubuntu1~18.04.1 finished at Sat, 17 Apr 2021 18:17:33 +0000. Datasource DataSourceNoCloud [seed=/dev/sdb][dsmode=net].  Up 3146.92 seconds
